==1148== Memcheck, a memory error detector
==1148== Copyright (C) 2002-2022, and GNU GPL'd, by Julian Seward et al.
==1148== Using Valgrind-3.22.0 and LibVEX; rerun with -h for copyright info
==1148== Command: .//philo 1 800 200 200 1
==1148== 
==1148== 
==1148== Process terminating with default action of signal 15 (SIGTERM)
==1148==    at 0x48F9117: __futex_abstimed_wait_common64 (futex-internal.c:57)
==1148==    by 0x48F9117: __futex_abstimed_wait_common (futex-internal.c:87)
==1148==    by 0x48F9117: __futex_abstimed_wait_cancelable64 (futex-internal.c:139)
==1148==    by 0x48FE623: __pthread_clockjoin_ex (pthread_join_common.c:105)
==1148==    by 0x1099C4: create_philosophers (main.c:116)
==1148==    by 0x109CE8: main (main.c:166)
==1148== 
==1148== HEAP SUMMARY:
==1148==     in use at exit: 4,892 bytes in 9 blocks
==1148==   total heap usage: 9 allocs, 0 frees, 4,892 bytes allocated
==1148== 
==1148== 272 bytes in 1 blocks are possibly lost in loss record 8 of 9
==1148==    at 0x484FF50: calloc (vg_replace_malloc.c:1595)
==1148==    by 0x40147D9: calloc (rtld-malloc.h:44)
==1148==    by 0x40147D9: allocate_dtv (dl-tls.c:375)
==1148==    by 0x40147D9: _dl_allocate_tls (dl-tls.c:634)
==1148==    by 0x48FD7B4: allocate_stack (allocatestack.c:430)
==1148==    by 0x48FD7B4: pthread_create@@GLIBC_2.34 (pthread_create.c:647)
==1148==    by 0x109988: create_philosophers (main.c:110)
==1148==    by 0x109CE8: main (main.c:166)
==1148== 
==1148== LEAK SUMMARY:
==1148==    definitely lost: 0 bytes in 0 blocks
==1148==    indirectly lost: 0 bytes in 0 blocks
==1148==      possibly lost: 272 bytes in 1 blocks
==1148==    still reachable: 4,620 bytes in 8 blocks
==1148==         suppressed: 0 bytes in 0 blocks
==1148== Reachable blocks (those to which a pointer was found) are not shown.
==1148== To see them, rerun with: --leak-check=full --show-leak-kinds=all
==1148== 
==1148== For lists of detected and suppressed errors, rerun with: -s
==1148== ERROR SUMMARY: 9 errors from 9 contexts (suppressed: 0 from 0)
