==343479== Helgrind, a thread error detector
==343479== Copyright (C) 2007-2017, and GNU GPL'd, by OpenWorks LLP et al.
==343479== Using Valgrind-3.22.0 and LibVEX; rerun with -h for copyright info
==343479== Command: ../philo 4 410 200 200 10
==343479== 
11 1 has taken a fork
15 1 has taken a fork
16 1 is eating
18 3 has taken a fork
19 3 has taken a fork
19 3 is eating
217 1 is sleeping
218 2 has taken a fork
220 3 is sleeping
220 2 has taken a fork
220 2 is eating
221 4 has taken a fork
221 4 has taken a fork
221 4 is eating
417 1 is thinking
420 3 is thinking
421 1 has taken a fork
421 2 is sleeping
422 4 is sleeping
422 3 has taken a fork
423 3 has taken a fork
423 3 is eating
423 1 has taken a fork
423 1 is eating
621 2 is thinking
622 4 is thinking
624 1 is sleeping
624 3 is sleeping
630 2 died
==343479== 
==343479== Use --history-level=approx or =none to gain increased speed, at
==343479== the cost of reduced accuracy of conflicting-access information
==343479== For lists of detected and suppressed errors, rerun with: -s
==343479== ERROR SUMMARY: 0 errors from 0 contexts (suppressed: 86861 from 85)
